<?xml version="1.0" encoding="UTF-8"?>
<!-- Generated by org.testng.reporters.JUnitReportReporter -->
<testsuite hostname="DESKTOP-TLRE9E9" name="test.AddCategoryTest" tests="3" failures="0" timestamp="8 Dec 2022 18:30:36 GMT" time="54.301" errors="0">
  <testcase name="addCategoryAndValidate" time="25.380" classname="test.AddCategoryTest"/>
  <testcase name="monthDropDown" time="19.849" classname="test.AddCategoryTest"/>
  <testcase name="checkDuplicateCategory" time="9.072" classname="test.AddCategoryTest"/>
</testsuite> <!-- test.AddCategoryTest -->
