<?xml version="1.0" encoding="UTF-8"?>
<!-- Generated by org.testng.reporters.JUnitReportReporter -->
<testsuite skipped="0" hostname="DESKTOP-TLRE9E9" name="test.AddCategoryTest" tests="3" failures="0" timestamp="08 Dec 2022 18:24:46 GMT" time="22.655" errors="0">
  <testcase name="addCategoryAndValidate" time="9.092" classname="test.AddCategoryTest"/>
  <testcase name="checkDuplicateCategory" time="10.668" classname="test.AddCategoryTest"/>
  <testcase name="monthDropDown" time="2.895" classname="test.AddCategoryTest"/>
</testsuite> <!-- test.AddCategoryTest -->
